2026-04-16 20:09:59, MOVE, v:1, k:es@mumia, mode:PICK
2026-04-16 20:10:10, SELF, v:1, k:es@mumia, self:1, rate:100, study:20
2026-04-16 20:10:12, MOVE, v:1, k:es@mumia, mode:BACK
2026-04-16 20:10:15, MOVE, v:1, k:es@fuga, mode:PICK
2026-04-16 20:10:18, EXEC, v:1, k:es@fuga, mode:FULL, rate:100
2026-04-16 20:10:19, MOVE, v:1, k:es@fuga, mode:BACK
2026-04-16 20:10:29, MOVE, v:1, k:es@fuga, mode:PICK
2026-04-16 20:10:30, MOVE, v:1, k:es@fuga, mode:BACK
2026-04-16 20:10:31, MOVE, v:1, k:es@fuga, mode:PICK
2026-04-16 20:10:42, SELF, v:1, k:es@fuga, self:1, rate:100, study:90
2026-04-16 20:10:44, EXEC, v:1, k:es@fuga, mode:FULL, rate:100
2026-04-16 20:10:45, MOVE, v:1, k:es@fuga, mode:BACK
2026-04-16 20:11:02, MOVE, v:1, k:es@pedra, mode:PICK
2026-04-16 20:11:10, SELF, v:1, k:es@pedra, self:1, rate:100, study:210
2026-04-16 20:11:13, EXEC, v:1, k:es@pedra, mode:FULL, rate:100
2026-04-16 20:11:14, MOVE, v:1, k:es@pedra, mode:BACK
2026-04-16 20:11:27, MOVE, v:1, k:es@baruel, mode:PICK
2026-04-16 20:11:50, SELF, v:1, k:es@baruel, self:1, rate:100, study:240, concept:1, problem:1
2026-04-16 20:11:52, EXEC, v:1, k:es@baruel, mode:FULL, rate:100, size:59
2026-04-16 20:11:52, MOVE, v:1, k:es@baruel, mode:BACK
2026-04-16 20:11:56, MOVE, v:1, k:es@casais, mode:PICK
2026-04-16 20:11:58, EXEC, v:1, k:es@casais, mode:FULL, rate:100
2026-04-16 20:12:05, SELF, v:1, k:es@casais, self:1, rate:100, study:45
2026-04-16 20:12:05, MOVE, v:1, k:es@casais, mode:BACK
2026-04-16 20:13:37, MOVE, v:1, k:es@labirinto, mode:DOWN
2026-04-16 20:13:39, MOVE, v:1, k:es@labirinto, mode:PICK
2026-04-16 20:13:43, EXEC, v:1, k:es@labirinto, mode:FULL, rate:0, size:5
2026-04-16 20:13:56, MOVE, v:1, k:es@labirinto, mode:BACK
2026-04-16 20:14:01, MOVE, v:1, k:es@labirinto, mode:PICK
2026-04-16 20:14:03, EXEC, v:1, k:es@labirinto, mode:FULL, rate:0, size:87
2026-04-16 20:20:13, EXEC, v:1, k:es@labirinto, mode:FULL, rate:0, size:79
2026-04-16 20:22:03, MOVE, v:1, k:es@labirinto, mode:PICK
2026-04-16 20:22:04, EXEC, v:1, k:es@labirinto, mode:FULL, rate:0, size:87
2026-04-16 20:22:29, EXEC, v:1, k:es@labirinto, mode:FULL, rate:0
2026-04-16 20:22:30, EXEC, v:1, k:es@labirinto, mode:FULL, rate:0
2026-04-16 20:22:30, EXEC, v:1, k:es@labirinto, mode:FULL, rate:0
2026-04-16 20:22:31, EXEC, v:1, k:es@labirinto, mode:FULL, rate:0
2026-04-16 20:22:31, EXEC, v:1, k:es@labirinto, mode:FULL, rate:0
2026-04-16 20:22:32, EXEC, v:1, k:es@labirinto, mode:FULL, rate:0
2026-04-16 20:22:33, EXEC, v:1, k:es@labirinto, mode:FULL, rate:0
2026-04-16 20:22:33, EXEC, v:1, k:es@labirinto, mode:FULL, rate:0
2026-04-16 20:22:34, EXEC, v:1, k:es@labirinto, mode:FULL, rate:0
2026-04-16 20:22:34, EXEC, v:1, k:es@labirinto, mode:FULL, rate:0
2026-04-16 20:22:35, EXEC, v:1, k:es@labirinto, mode:FULL, rate:0
2026-04-16 20:22:36, EXEC, v:1, k:es@labirinto, mode:FULL, rate:0
2026-04-16 20:22:36, EXEC, v:1, k:es@labirinto, mode:FULL, rate:0
2026-04-16 20:22:37, EXEC, v:1, k:es@labirinto, mode:FULL, rate:0
2026-04-16 20:22:37, EXEC, v:1, k:es@labirinto, mode:FULL, rate:0
2026-04-16 20:22:44, MOVE, v:1, k:es@labirinto, mode:PICK
2026-04-16 20:22:46, EXEC, v:1, k:es@labirinto, mode:FULL, rate:0
2026-04-16 20:31:00, EXEC, v:1, k:es@labirinto, mode:FULL, rate:0, size:105
2026-04-16 20:34:45, MOVE, v:1, k:es@labirinto, mode:PICK
2026-04-16 20:34:46, EXEC, v:1, k:es@labirinto, mode:FULL, rate:0, size:90
2026-04-16 20:39:02, EXEC, v:1, k:es@labirinto, mode:FULL, rate:0
2026-04-16 20:40:44, EXEC, v:1, k:es@labirinto, mode:FULL, rate:0, size:90
2026-04-16 20:48:40, EXEC, v:1, k:es@labirinto, mode:FULL, rate:0, size:113
