2026-05-21 18:48:31, MOVE, v:1, k:es@lista_d1, mode:PICK
2026-05-21 18:48:33, EXEC, v:1, k:es@lista_d1, mode:FULL, rate:42, size:129
2026-05-21 18:49:00, EXEC, v:1, k:es@lista_d1, mode:FULL, rate:42, size:129
2026-05-21 18:52:03, EXEC, v:1, k:es@lista_d1, mode:FULL, rate:42, size:135
2026-05-21 18:52:15, EXEC, v:1, k:es@lista_d1, mode:FULL, rate:42, size:135
2026-05-21 18:52:20, EXEC, v:1, k:es@lista_d1, mode:FULL, rate:42
2026-05-21 18:55:48, EXEC, v:1, k:es@lista_d1, mode:FULL, rate:42, size:138
2026-05-21 18:56:59, EXEC, v:1, k:es@lista_d1, mode:FULL, rate:42, size:139
2026-05-21 19:00:10, EXEC, v:1, k:es@lista_d1, mode:FULL, rate:57, size:134
2026-05-21 19:02:11, EXEC, v:1, k:es@lista_d1, mode:FULL, rate:71, size:132
2026-05-21 19:03:31, MOVE, v:1, k:es@lista_d1, mode:BACK
2026-05-21 19:05:15, MOVE, v:1, k:es@lista_d1, mode:PICK
2026-05-21 19:05:16, EXEC, v:1, k:es@lista_d1, mode:FULL, rate:71
2026-05-21 19:10:30, EXEC, v:1, k:es@lista_d1, mode:FULL, rate:85, size:140
2026-05-21 19:17:00, EXEC, v:1, k:es@lista_d1, mode:FULL, rate:100, size:149
2026-05-21 19:17:10, SELF, v:1, k:es@lista_d1, self:1, rate:100, study:45
2026-05-21 19:17:11, MOVE, v:1, k:es@lista_d1, mode:BACK
2026-05-21 19:20:07, MOVE, v:1, k:es@lista_d2, mode:DOWN
2026-05-21 19:20:11, MOVE, v:1, k:es@lista_d4, mode:DOWN
2026-05-21 21:21:31, MOVE, v:1, k:es@lista_d1, mode:PICK
2026-05-21 21:21:33, EXEC, v:1, k:es@lista_d1, mode:FULL, rate:100
2026-05-21 21:21:38, MOVE, v:1, k:es@lista_d1, mode:BACK
2026-05-21 21:21:40, MOVE, v:1, k:es@lista_d2, mode:PICK
2026-05-21 21:21:43, EXEC, v:1, k:es@lista_d2, mode:FULL, rate:0, size:211
2026-05-21 21:21:47, MOVE, v:1, k:es@lista_d2, mode:BACK
2026-05-21 21:22:10, MOVE, v:1, k:es@lista_d2, mode:PICK
2026-05-21 21:22:12, EXEC, v:1, k:es@lista_d2, mode:FULL, rate:0, size:211
2026-05-21 21:23:36, EXEC, v:1, k:es@lista_d2, mode:FULL, rate:0, size:211
2026-05-21 21:25:44, EXEC, v:1, k:es@lista_d2, mode:FULL, rate:0, size:212
2026-05-21 21:28:33, EXEC, v:1, k:es@lista_d2, mode:FULL, rate:20, size:214
2026-05-21 21:30:01, EXEC, v:1, k:es@lista_d2, mode:FULL, rate:40, size:214
2026-05-21 21:34:47, EXEC, v:1, k:es@lista_d2, mode:FULL, rate:60, size:224
2026-05-21 21:54:53, EXEC, v:1, k:es@lista_d2, mode:FULL, rate:60, size:237
2026-05-21 21:58:07, EXEC, v:1, k:es@lista_d2, mode:FULL, rate:60, size:232
