2026-06-02 18:24:46, MOVE, v:1, k:es@cercado, mode:PICK
2026-06-02 18:24:47, EXEC, v:1, k:es@cercado, mode:FULL, size:101, fail:COMP
2026-06-02 18:29:14, MOVE, v:1, k:es@cercado, mode:EDIT
2026-06-02 18:31:29, EXEC, v:1, k:es@cercado, mode:FULL, rate:0, size:98
2026-06-02 18:33:22, EXEC, v:1, k:es@cercado, mode:FULL, rate:0, size:99
2026-06-02 18:34:33, MOVE, v:1, k:es@cercado, mode:EDIT
2026-06-02 18:33:22, MOVE, v:1, k:es@cercado, mode:EDIT
2026-06-02 18:35:43, EXEC, v:1, k:es@cercado, mode:FULL, rate:0, size:94
2026-06-02 18:36:28, EXEC, v:1, k:es@cercado, mode:FULL, rate:0, size:95
2026-06-02 18:37:53, EXEC, v:1, k:es@cercado, mode:FULL, rate:0, size:97
2026-06-02 18:39:02, EXEC, v:1, k:es@cercado, mode:FULL, rate:33, size:97
2026-06-02 18:38:59, MOVE, v:1, k:es@cercado, mode:EDIT
2026-06-02 18:39:02, MOVE, v:1, k:es@cercado, mode:EDIT
2026-06-02 18:42:03, EXEC, v:1, k:es@cercado, mode:FULL, rate:33, size:102
2026-06-02 18:43:47, EXEC, v:1, k:es@cercado, mode:FULL, rate:33, size:104
2026-06-02 18:44:25, MOVE, v:1, k:es@cercado, mode:EDIT
2026-06-02 18:43:47, MOVE, v:1, k:es@cercado, mode:EDIT
2026-06-02 18:44:42, EXEC, v:1, k:es@cercado, mode:FULL, rate:0, size:104
2026-06-02 18:45:50, EXEC, v:1, k:es@cercado, mode:FULL, rate:33, size:105
2026-06-02 18:47:25, EXEC, v:1, k:es@cercado, mode:FULL, rate:33, size:102
2026-06-02 18:47:55, EXEC, v:1, k:es@cercado, mode:FULL, rate:33, size:102
2026-06-02 18:49:29, EXEC, v:1, k:es@cercado, mode:FULL, rate:0, size:102
2026-06-02 18:49:29, MOVE, v:1, k:es@cercado, mode:EDIT
2026-06-02 18:49:26, MOVE, v:1, k:es@cercado, mode:EDIT
2026-06-02 18:49:51, EXEC, v:1, k:es@cercado, mode:FULL, rate:33, size:105
2026-06-02 18:49:44, MOVE, v:1, k:es@cercado, mode:EDIT
2026-06-02 18:49:51, MOVE, v:1, k:es@cercado, mode:EDIT
2026-06-02 18:58:13, EXEC, v:1, k:es@cercado, mode:FULL, rate:33
2026-06-02 18:58:48, MOVE, v:1, k:es@cercado, mode:PICK
2026-06-02 18:58:49, EXEC, v:1, k:es@cercado, mode:FULL, rate:33
2026-06-02 19:03:16, MOVE, v:1, k:es@cercado, mode:PICK
2026-06-02 19:03:18, EXEC, v:1, k:es@cercado, mode:FULL, rate:33, size:104
2026-06-02 19:03:13, MOVE, v:1, k:es@cercado, mode:EDIT
2026-06-02 19:03:18, MOVE, v:1, k:es@cercado, mode:EDIT
2026-06-02 21:51:41, MOVE, v:1, k:es@cercado, mode:PICK
2026-06-02 21:51:43, EXEC, v:1, k:es@cercado, mode:FULL, rate:100, size:119
2026-06-02 21:51:53, MOVE, v:1, k:es@cercado, mode:BACK
2026-06-02 21:51:55, MOVE, v:1, k:es@cercado, mode:PICK
2026-06-02 21:52:14, SELF, v:1, k:es@cercado, self:1, rate:100, study:240, concept:1
2026-06-02 21:52:17, MOVE, v:1, k:es@cercado, mode:BACK
