2026-04-29 19:29:30, MOVE, v:1, k:es@vetbuild, mode:PICK
2026-04-29 19:29:33, EXEC, v:1, k:es@vetbuild, mode:FULL, rate:0, size:129
2026-04-29 19:29:33, MOVE, v:1, k:es@vetbuild, mode:EDIT
2026-04-29 19:31:46, MOVE, v:1, k:es@vetbuild, mode:EDIT
2026-04-29 19:38:07, MOVE, v:1, k:es@vetbuild, mode:EDIT
2026-04-29 19:44:10, MOVE, v:1, k:es@vetbuild, mode:EDIT
2026-04-29 19:48:16, MOVE, v:1, k:es@vetbuild, mode:EDIT
2026-04-29 19:54:25, MOVE, v:1, k:es@vetbuild, mode:EDIT
2026-04-29 20:02:47, MOVE, v:1, k:es@vetbuild, mode:PICK
2026-04-29 20:02:49, EXEC, v:1, k:es@vetbuild, mode:FULL, size:148, fail:COMP
2026-04-29 20:09:13, EXEC, v:1, k:es@vetbuild, mode:FULL, size:156, fail:COMP
2026-04-29 20:14:49, EXEC, v:1, k:es@vetbuild, mode:FULL, rate:0, size:152
2026-04-29 20:15:24, EXEC, v:1, k:es@vetbuild, mode:FULL, rate:0
2026-04-29 20:15:38, MOVE, v:1, k:es@vetbuild, mode:BACK
2026-04-29 20:16:04, MOVE, v:1, k:es@vetbuild, mode:PICK
2026-04-29 20:16:08, EXEC, v:1, k:es@vetbuild, mode:FULL, rate:0
2026-04-29 20:16:10, EXEC, v:1, k:es@vetbuild, mode:FULL, rate:0
2026-04-29 20:16:34, EXEC, v:1, k:es@vetbuild, mode:FREE
2026-04-29 20:20:45, MOVE, v:1, k:es@vetbuild, mode:BACK
2026-04-29 20:30:06, MOVE, v:1, k:es@vetbuild, mode:PICK
2026-04-29 20:30:08, EXEC, v:1, k:es@vetbuild, mode:FULL, rate:0
2026-04-29 20:55:41, EXEC, v:1, k:es@vetbuild, mode:FULL, rate:0, size:161
2026-04-29 21:05:27, EXEC, v:1, k:es@vetbuild, mode:FULL, size:168, fail:COMP
2026-04-29 21:16:29, EXEC, v:1, k:es@vetbuild, mode:FULL, size:173, fail:COMP
2026-04-29 21:17:01, EXEC, v:1, k:es@vetbuild, mode:FULL, rate:0, size:173
