2026-06-03 21:01:31, MOVE, v:1, k:es@pintura, mode:PICK
2026-06-03 21:01:32, EXEC, v:1, k:es@pintura, mode:FULL, fail:COMP
2026-06-03 21:01:48, MOVE, v:1, k:es@pintura, mode:BACK
2026-06-03 21:03:22, MOVE, v:1, k:es@ilhas, mode:PICK
2026-06-03 21:03:23, EXEC, v:1, k:es@ilhas, mode:FULL, size:50, fail:COMP
2026-06-03 21:03:24, MOVE, v:1, k:es@ilhas, mode:BACK
2026-06-03 21:03:33, MOVE, v:1, k:es@cercado, mode:PICK
2026-06-03 21:03:35, EXEC, v:1, k:es@cercado, mode:FULL, rate:100
2026-06-03 21:03:36, MOVE, v:1, k:es@cercado, mode:BACK
2026-06-03 21:03:38, MOVE, v:1, k:es@pintura, mode:PICK
2026-06-03 21:03:39, EXEC, v:1, k:es@pintura, mode:FULL, fail:COMP
2026-06-03 21:03:39, MOVE, v:1, k:es@pintura, mode:BACK
2026-06-03 21:03:42, MOVE, v:1, k:es@battleship, mode:PICK
2026-06-03 21:03:43, EXEC, v:1, k:es@battleship, mode:FULL, rate:0, size:98
2026-06-03 21:03:44, MOVE, v:1, k:es@battleship, mode:BACK
2026-06-03 21:03:45, MOVE, v:1, k:es@battleship, mode:PICK
2026-06-03 21:03:47, EXEC, v:1, k:es@battleship, mode:FULL, rate:0
2026-06-03 21:04:23, EXEC, v:1, k:es@battleship, mode:FULL, rate:0, size:100
2026-06-03 21:04:25, MOVE, v:1, k:es@battleship, mode:BACK
2026-06-03 21:07:22, MOVE, v:1, k:es@battleship, mode:PICK
2026-06-03 21:07:22, EXEC, v:1, k:es@battleship, mode:FULL, rate:0, size:100
2026-06-03 21:14:55, EXEC, v:1, k:es@battleship, mode:FULL, rate:100, size:100
2026-06-03 21:16:37, EXEC, v:1, k:es@battleship, mode:FULL, rate:100, size:99
2026-06-03 21:16:54, SELF, v:1, k:es@battleship, self:1, rate:100, study:180, concept:1
2026-06-03 21:16:56, EXEC, v:1, k:es@battleship, mode:FULL, rate:100
2026-06-03 21:16:56, MOVE, v:1, k:es@battleship, mode:BACK
2026-06-03 21:17:39, MOVE, v:1, k:es@battleship, mode:PICK
2026-06-03 21:17:40, EXEC, v:1, k:es@battleship, mode:FULL, rate:100
2026-06-03 21:17:41, MOVE, v:1, k:es@battleship, mode:BACK
2026-06-03 21:17:43, MOVE, v:1, k:es@longest, mode:PICK
2026-06-03 21:17:44, EXEC, v:1, k:es@longest, mode:FULL, size:46, fail:COMP
2026-06-03 21:17:44, MOVE, v:1, k:es@longest, mode:BACK
2026-06-03 21:17:46, MOVE, v:1, k:es@pintura, mode:PICK
2026-06-03 21:17:48, MOVE, v:1, k:es@pintura, mode:BACK
2026-06-03 21:17:51, MOVE, v:1, k:es@pintura, mode:PICK
2026-06-03 21:17:52, EXEC, v:1, k:es@pintura, mode:FULL, fail:COMP
2026-06-03 21:17:53, MOVE, v:1, k:es@pintura, mode:BACK
