2026-04-15 11:35:29, MOVE, v:1, k:es@vetequals, mode:PICK
2026-04-15 11:35:31, EXEC, v:1, k:es@vetequals, mode:FULL, rate:100, size:65
2026-04-15 11:37:13, MOVE, v:1, k:es@vetequals, mode:BACK
2026-04-15 11:37:18, MOVE, v:1, k:es@vetequals, mode:PICK
2026-04-15 11:37:46, SELF, v:1, k:es@vetequals, self:1, rate:100, study:60, concept:1
2026-04-15 11:37:47, MOVE, v:1, k:es@vetequals, mode:BACK
2026-04-15 11:37:53, MOVE, v:1, k:es@eh_primo, mode:PICK
2026-04-15 11:42:50, EXEC, v:1, k:es@eh_primo, mode:FULL, rate:100, size:32
2026-04-15 11:42:52, MOVE, v:1, k:es@eh_primo, mode:BACK
2026-04-15 11:43:02, MOVE, v:1, k:es@eh_primo, mode:PICK
2026-04-15 11:43:15, SELF, v:1, k:es@eh_primo, self:1, rate:100, study:8
2026-04-15 11:43:16, MOVE, v:1, k:es@eh_primo, mode:BACK
2026-04-15 11:45:52, MOVE, v:1, k:es@mdc, mode:PICK
2026-04-15 11:47:20, EXEC, v:1, k:es@mdc, mode:FULL, rate:20, size:44
2026-04-15 12:00:16, EXEC, v:1, k:es@mdc, mode:FULL, rate:20
2026-04-15 12:00:57, EXEC, v:1, k:es@mdc, mode:FULL, rate:20, size:44
2026-04-15 12:01:12, EXEC, v:1, k:es@mdc, mode:FULL, rate:20, size:44
2026-04-15 12:02:11, EXEC, v:1, k:es@mdc, mode:FULL, rate:20, size:45
2026-04-15 12:04:57, EXEC, v:1, k:es@mdc, mode:FULL, rate:20
2026-04-15 12:07:26, EXEC, v:1, k:es@mdc, mode:FULL, rate:0, size:49
2026-04-15 12:07:54, EXEC, v:1, k:es@mdc, mode:FULL, rate:0
2026-04-15 12:08:52, EXEC, v:1, k:es@mdc, mode:FULL, rate:0, size:48
2026-04-15 12:09:10, EXEC, v:1, k:es@mdc, mode:FULL, rate:0, size:48
2026-04-15 12:09:48, EXEC, v:1, k:es@mdc, mode:FULL, rate:0, size:48
2026-04-15 12:37:48, EXEC, v:1, k:es@mdc, mode:FULL, rate:0, size:32
2026-04-15 12:38:39, EXEC, v:1, k:es@mdc, mode:FULL, rate:0, size:32
2026-04-15 12:48:06, EXEC, v:1, k:es@mdc, mode:FULL, rate:0, size:35
2026-04-15 12:48:28, EXEC, v:1, k:es@mdc, mode:FULL, rate:0, size:35
2026-04-15 12:49:02, EXEC, v:1, k:es@mdc, mode:FULL, rate:0, size:35
2026-04-15 12:51:14, EXEC, v:1, k:es@mdc, mode:FULL, rate:0, size:27
2026-04-15 12:51:31, EXEC, v:1, k:es@mdc, mode:FULL, rate:0, size:35
2026-04-15 12:57:39, EXEC, v:1, k:es@mdc, mode:FULL, rate:100, size:22
2026-04-15 12:57:43, MOVE, v:1, k:es@mdc, mode:BACK
2026-04-15 12:57:48, MOVE, v:1, k:es@mdc, mode:PICK
2026-04-15 12:57:49, MOVE, v:1, k:es@mdc, mode:BACK
2026-04-15 12:58:33, MOVE, v:1, k:es@mdc, mode:PICK
2026-04-15 12:58:59, SELF, v:1, k:es@mdc, self:1, rate:100, study:120, concept:1
2026-04-15 12:59:00, EXEC, v:1, k:es@mdc, mode:FULL, rate:100
2026-04-15 12:59:02, MOVE, v:1, k:es@mdc, mode:BACK
