2026-06-08 12:09:01, MOVE, v:1, k:es@distancia, mode:PICK
2026-06-08 12:09:03, EXEC, v:1, k:es@distancia, mode:FULL, rate:0, size:33
2026-06-08 12:09:40, EXEC, v:1, k:es@distancia, mode:FULL, rate:0
2026-06-08 12:13:09, EXEC, v:1, k:es@distancia, mode:FULL, rate:0, size:34
2026-06-08 12:14:32, EXEC, v:1, k:es@distancia, mode:FULL, rate:0, size:43
2026-06-08 12:15:46, EXEC, v:1, k:es@distancia, mode:FULL, rate:0, size:44
2026-06-08 12:17:54, EXEC, v:1, k:es@distancia, mode:FULL, rate:0, size:45
2026-06-08 12:18:10, EXEC, v:1, k:es@distancia, mode:FULL, rate:0, size:44
2026-06-08 12:18:52, EXEC, v:1, k:es@distancia, mode:FULL, rate:0, size:44
2026-06-08 12:21:08, EXEC, v:1, k:es@distancia, mode:FULL, rate:0, size:45
2026-06-08 12:24:21, EXEC, v:1, k:es@distancia, mode:FULL, rate:0
2026-06-08 12:24:21, MOVE, v:1, k:es@distancia, mode:BACK
2026-06-08 14:10:29, MOVE, v:1, k:es@distancia, mode:PICK
2026-06-08 14:10:31, EXEC, v:1, k:es@distancia, mode:FULL, rate:0, size:55
2026-06-08 14:11:41, EXEC, v:1, k:es@distancia, mode:FULL, rate:0, size:55
2026-06-08 14:12:08, EXEC, v:1, k:es@distancia, mode:FULL, rate:0, size:56
2026-06-08 14:12:28, EXEC, v:1, k:es@distancia, mode:FULL, rate:0, size:56
2026-06-08 14:18:29, EXEC, v:1, k:es@distancia, mode:FULL, rate:0, size:53
2026-06-08 14:25:19, EXEC, v:1, k:es@distancia, mode:FULL, rate:100, size:66
2026-06-08 14:25:20, MOVE, v:1, k:es@distancia, mode:BACK
2026-06-08 14:25:50, MOVE, v:1, k:es@distancia, mode:PICK
2026-06-08 14:25:51, EXEC, v:1, k:es@distancia, mode:FULL, rate:100, size:64
2026-06-08 14:26:28, SELF, v:1, k:es@distancia, self:1, rate:100, study:120, concept:1
2026-06-08 14:26:29, EXEC, v:1, k:es@distancia, mode:FULL, rate:100
2026-06-08 14:26:30, MOVE, v:1, k:es@distancia, mode:BACK
2026-06-08 14:27:23, MOVE, v:1, k:es@distancia, mode:PICK
2026-06-08 14:27:25, MOVE, v:1, k:es@distancia, mode:BACK
2026-06-08 14:32:54, MOVE, v:1, k:es@distancia, mode:PICK
2026-06-08 14:32:56, EXEC, v:1, k:es@distancia, mode:FULL, rate:0, size:60
2026-06-08 14:33:02, MOVE, v:1, k:es@distancia, mode:BACK
2026-06-08 14:33:04, MOVE, v:1, k:es@distancia, mode:PICK
2026-06-08 14:33:57, EXEC, v:1, k:es@distancia, mode:FULL, rate:0, size:62
2026-06-08 14:34:25, EXEC, v:1, k:es@distancia, mode:FULL, rate:100, size:64
2026-06-08 14:34:27, MOVE, v:1, k:es@distancia, mode:BACK
2026-06-08 14:38:59, MOVE, v:1, k:es@distancia, mode:PICK
2026-06-08 14:39:00, EXEC, v:1, k:es@distancia, mode:FULL, rate:100
2026-06-08 14:39:01, MOVE, v:1, k:es@distancia, mode:BACK
2026-06-08 15:27:49, MOVE, v:1, k:es@distancia, mode:PICK
2026-06-08 15:27:51, EXEC, v:1, k:es@distancia, mode:FULL, rate:0, size:47
2026-06-08 18:36:29, EXEC, v:1, k:es@distancia, mode:FULL, rate:0, size:50
2026-06-08 18:37:07, EXEC, v:1, k:es@distancia, mode:FULL, rate:0, size:49
2026-06-08 18:38:48, EXEC, v:1, k:es@distancia, mode:FULL, rate:0, size:50
2026-06-08 18:40:08, EXEC, v:1, k:es@distancia, mode:FULL, rate:57, size:50
2026-06-08 18:43:11, EXEC, v:1, k:es@distancia, mode:FULL, rate:0, size:51
2026-06-08 18:43:45, EXEC, v:1, k:es@distancia, mode:FULL, rate:0, size:51
2026-06-08 18:43:46, MOVE, v:1, k:es@distancia, mode:BACK
2026-06-08 18:43:49, MOVE, v:1, k:es@distancia, mode:PICK
2026-06-08 18:44:52, EXEC, v:1, k:es@distancia, mode:FULL, rate:57, size:50
2026-06-08 18:47:33, EXEC, v:1, k:es@distancia, mode:FULL, rate:57, size:51
2026-06-08 18:47:48, EXEC, v:1, k:es@distancia, mode:FULL, rate:57, size:49
2026-06-08 18:57:58, EXEC, v:1, k:es@distancia, mode:FULL, rate:100, size:68
2026-06-08 18:57:59, MOVE, v:1, k:es@distancia, mode:BACK
2026-06-08 18:58:03, MOVE, v:1, k:es@distancia, mode:PICK
2026-06-08 18:58:10, SELF, v:1, k:es@distancia, self:1, rate:100, concept:1, refactor:1
2026-06-08 18:58:10, MOVE, v:1, k:es@distancia, mode:BACK
