2026-04-11 12:46:59, MOVE, v:1, k:es@fuga, mode:DOWN
2026-04-11 12:47:01, MOVE, v:1, k:es@fuga, mode:PICK
2026-04-11 12:47:18, EXEC, v:1, k:es@fuga, mode:FULL, rate:0, size:5
2026-04-11 12:47:55, MOVE, v:1, k:es@fuga, mode:BACK
2026-04-11 12:48:05, MOVE, v:1, k:es@triangulo, mode:PICK
2026-04-11 13:01:07, EXEC, v:1, k:es@triangulo, mode:FULL, size:48, fail:COMP
2026-04-11 11:57:04, MOVE, v:1, k:es@triangulo, mode:PICK
2026-04-11 14:35:05, MOVE, v:1, k:es@triangulo, mode:PICK
2026-04-11 14:41:22, EXEC, v:1, k:es@triangulo, mode:FULL, size:57, fail:COMP
2026-04-11 14:41:35, MOVE, v:1, k:es@triangulo, mode:BACK
2026-04-11 14:42:23, MOVE, v:1, k:es@triangulo, mode:PICK
2026-04-11 14:42:24, EXEC, v:1, k:es@triangulo, mode:FULL, fail:COMP
2026-04-11 17:59:58, MOVE, v:1, k:es@triangulo, mode:PICK
2026-04-11 18:00:00, EXEC, v:1, k:es@triangulo, mode:FULL, rate:0, size:59
2026-04-11 18:00:46, EXEC, v:1, k:es@triangulo, mode:FULL, rate:0, size:59
2026-04-11 15:58:46, MOVE, v:1, k:es@triangulo, mode:PICK
2026-04-11 15:58:46, EXEC, v:1, k:es@triangulo, mode:FULL, rate:0
2026-04-11 16:40:29, MOVE, v:1, k:es@triangulo, mode:PICK
2026-04-11 16:40:31, EXEC, v:1, k:es@triangulo, mode:FULL, rate:0, size:68
2026-04-11 16:41:07, EXEC, v:1, k:es@triangulo, mode:FULL, rate:0, size:68
2026-04-11 16:51:11, MOVE, v:1, k:es@triangulo, mode:PICK
2026-04-11 16:51:13, EXEC, v:1, k:es@triangulo, mode:FULL, rate:0, size:68
2026-04-11 16:57:27, EXEC, v:1, k:es@triangulo, mode:FULL, rate:0, size:68
2026-04-11 16:58:40, EXEC, v:1, k:es@triangulo, mode:FULL, rate:0, size:69
2026-04-11 16:59:15, MOVE, v:1, k:es@triangulo, mode:PICK
2026-04-11 16:59:16, EXEC, v:1, k:es@triangulo, mode:FULL, rate:0, size:68
2026-04-11 16:59:44, EXEC, v:1, k:es@triangulo, mode:FULL, rate:0, size:69
2026-04-11 17:00:39, EXEC, v:1, k:es@triangulo, mode:FULL, rate:0, size:69
2026-04-11 17:00:53, EXEC, v:1, k:es@triangulo, mode:FULL, rate:100, size:69
2026-04-11 17:17:59, MOVE, v:1, k:es@triangulo, mode:BACK
2026-04-11 17:18:10, MOVE, v:1, k:es@resto, mode:DOWN
2026-04-11 17:18:38, MOVE, v:1, k:es@resto, mode:PICK
2026-04-11 17:18:39, EXEC, v:1, k:es@resto, mode:FULL, rate:0, size:5
2026-04-11 17:42:10, MOVE, v:1, k:es@resto, mode:PICK
2026-04-11 17:57:46, EXEC, v:1, k:es@resto, mode:FULL, rate:0, size:33
2026-04-11 17:59:50, EXEC, v:1, k:es@resto, mode:FULL, rate:100, size:34
2026-04-11 17:59:58, MOVE, v:1, k:es@resto, mode:BACK
2026-04-11 18:00:08, MOVE, v:1, k:es@resto, mode:PICK
2026-04-11 18:01:04, SELF, v:1, k:es@resto, self:1, rate:100, study:40, concept:1, problem:1
2026-04-11 18:01:06, MOVE, v:1, k:es@resto, mode:BACK
2026-04-11 18:01:10, MOVE, v:1, k:es@resto, mode:PICK
2026-04-11 18:01:12, EXEC, v:1, k:es@resto, mode:FULL, rate:100
2026-04-11 18:01:15, EXEC, v:1, k:es@resto, mode:FULL, rate:100
2026-04-11 18:01:16, MOVE, v:1, k:es@resto, mode:BACK
2026-04-11 18:01:20, MOVE, v:1, k:es@treinando, mode:PICK
2026-04-11 18:01:31, MOVE, v:1, k:es@treinando, mode:BACK
2026-04-11 18:01:33, MOVE, v:1, k:es@treinando, mode:PICK
2026-04-11 18:01:58, SELF, v:1, k:es@treinando, self:1, rate:100, study:180, concept:1, problem:1
2026-04-11 18:02:00, EXEC, v:1, k:es@treinando, mode:FULL, rate:100
2026-04-11 18:02:02, MOVE, v:1, k:es@treinando, mode:BACK
2026-04-11 18:02:32, MOVE, v:1, k:es@mumia, mode:DOWN
2026-04-11 18:02:34, MOVE, v:1, k:es@mumia, mode:PICK
