2026-07-04 12:08:55, MOVE, v:1, k:es@queimando, mode:PICK
2026-07-04 12:08:56, EXEC, v:1, k:es@queimando, mode:FULL, size:94, fail:COMP
2026-07-04 12:12:56, MOVE, v:1, k:es@queimando, mode:EDIT
2026-07-04 12:16:28, MOVE, v:1, k:es@queimando, mode:PICK
2026-07-04 12:16:29, EXEC, v:1, k:es@queimando, mode:FULL, rate:0, size:86
2026-07-04 12:17:30, MOVE, v:1, k:es@queimando, mode:BACK
2026-07-04 12:29:31, MOVE, v:1, k:es@queimando, mode:PICK
2026-07-04 12:29:37, MOVE, v:1, k:es@queimando, mode:BACK
2026-07-04 12:29:39, MOVE, v:1, k:es@queimando, mode:PICK
2026-07-04 12:33:17, MOVE, v:1, k:es@queimando, mode:BACK
2026-07-04 15:57:10, MOVE, v:1, k:es@queimando, mode:PICK
2026-07-04 15:57:11, EXEC, v:1, k:es@queimando, mode:FULL, rate:100, size:85
2026-07-04 15:57:26, SELF, v:1, k:es@queimando, self:1, rate:100, study:100, concept:1
2026-07-04 15:57:27, EXEC, v:1, k:es@queimando, mode:FULL, rate:100
2026-07-04 15:57:35, MOVE, v:1, k:es@queimando, mode:BACK
2026-07-04 15:57:27, MOVE, v:1, k:es@queimando, mode:EDIT
2026-07-04 16:10:15, MOVE, v:1, k:es@pilhado, mode:PICK
2026-07-04 16:15:08, MOVE, v:1, k:es@pilhado, mode:EDIT
2026-07-04 16:21:00, MOVE, v:1, k:es@pilhado, mode:BACK
2026-07-04 16:22:23, MOVE, v:1, k:es@pilhado, mode:PICK
2026-07-04 16:22:23, EXEC, v:1, k:es@pilhado, mode:FULL, size:45, fail:COMP
2026-07-04 16:22:43, EXEC, v:1, k:es@pilhado, mode:FULL, size:34, fail:COMP
2026-07-04 16:23:27, MOVE, v:1, k:es@pilhado, mode:PICK
2026-07-04 16:27:38, MOVE, v:1, k:es@pilhado, mode:BACK
2026-07-04 16:27:34, MOVE, v:1, k:es@pilhado, mode:EDIT
2026-07-04 16:30:19, MOVE, v:1, k:es@pilhado, mode:PICK
2026-07-04 16:34:13, MOVE, v:1, k:es@pilhado, mode:BACK
2026-07-04 16:30:11, MOVE, v:1, k:es@pilhado, mode:EDIT
2026-07-04 17:10:48, MOVE, v:1, k:es@pilhado, mode:PICK
2026-07-04 17:11:34, MOVE, v:1, k:es@pilhado, mode:EDIT
2026-07-04 17:17:24, MOVE, v:1, k:es@pilhado, mode:EDIT
2026-07-04 17:17:55, MOVE, v:1, k:es@pilhado, mode:EDIT
2026-07-04 17:27:30, MOVE, v:1, k:es@pilhado, mode:BACK
2026-07-04 20:12:56, MOVE, v:1, k:es@pilhado, mode:EDIT
2026-07-04 20:16:56, MOVE, v:1, k:es@pilhado, mode:PICK
2026-07-04 20:15:09, MOVE, v:1, k:es@pilhado, mode:EDIT
2026-07-04 20:23:39, MOVE, v:1, k:es@pilhado, mode:EDIT
2026-07-04 20:26:03, MOVE, v:1, k:es@pilhado, mode:BACK
2026-07-04 20:25:57, MOVE, v:1, k:es@pilhado, mode:EDIT
2026-07-04 20:39:55, MOVE, v:1, k:es@pilhado, mode:EDIT
2026-07-04 20:44:16, MOVE, v:1, k:es@pilhado, mode:PICK
2026-07-04 20:44:17, EXEC, v:1, k:es@pilhado, mode:FULL, rate:0, size:93
2026-07-04 20:43:57, MOVE, v:1, k:es@pilhado, mode:EDIT
2026-07-04 20:44:17, MOVE, v:1, k:es@pilhado, mode:EDIT
2026-07-04 20:49:13, MOVE, v:1, k:es@pilhado, mode:EDIT
2026-07-04 20:51:11, EXEC, v:1, k:es@pilhado, mode:FULL, rate:0, size:110
2026-07-04 20:51:46, MOVE, v:1, k:es@pilhado, mode:BACK
2026-07-04 20:59:37, MOVE, v:1, k:es@pilhado, mode:PICK
2026-07-04 20:59:38, EXEC, v:1, k:es@pilhado, mode:FULL, rate:0, size:112
2026-07-04 21:00:45, EXEC, v:1, k:es@pilhado, mode:FULL, rate:0, size:112
2026-07-04 21:04:39, MOVE, v:1, k:es@pilhado, mode:PICK
2026-07-04 21:04:40, EXEC, v:1, k:es@pilhado, mode:FULL, size:163, fail:COMP
2026-07-04 21:09:27, MOVE, v:1, k:es@pilhado, mode:PICK
2026-07-04 21:09:28, EXEC, v:1, k:es@pilhado, mode:FULL, rate:0, size:116
2026-07-04 21:10:58, MOVE, v:1, k:es@pilhado, mode:EDIT
2026-07-04 21:09:27, MOVE, v:1, k:es@pilhado, mode:EDIT
2026-07-04 21:16:47, MOVE, v:1, k:es@pilhado, mode:PICK
2026-07-04 21:16:48, EXEC, v:1, k:es@pilhado, mode:FULL, rate:0, size:116
2026-07-04 21:17:20, MOVE, v:1, k:es@pilhado, mode:BACK
2026-07-04 21:19:51, MOVE, v:1, k:es@pilhado, mode:PICK
2026-07-04 21:19:51, EXEC, v:1, k:es@pilhado, mode:FULL, rate:0, size:118
2026-07-04 21:20:03, MOVE, v:1, k:es@pilhado, mode:BACK
2026-07-04 21:20:51, MOVE, v:1, k:es@queimando, mode:PICK
2026-07-04 21:20:52, EXEC, v:1, k:es@queimando, mode:FULL, rate:100
2026-07-04 21:20:57, MOVE, v:1, k:es@queimando, mode:BACK
2026-07-04 21:20:59, MOVE, v:1, k:es@pilhado, mode:PICK
2026-07-04 21:21:00, EXEC, v:1, k:es@pilhado, mode:FULL, rate:0, size:85
2026-07-04 21:21:14, EXEC, v:1, k:es@pilhado, mode:FULL, rate:0, size:85
2026-07-04 21:23:49, MOVE, v:1, k:es@pilhado, mode:PICK
2026-07-04 21:23:49, EXEC, v:1, k:es@pilhado, mode:FULL, rate:0, size:83
2026-07-04 21:24:15, EXEC, v:1, k:es@pilhado, mode:FULL, rate:0, size:83
2026-07-04 21:24:38, MOVE, v:1, k:es@pilhado, mode:BACK
2026-07-04 21:25:53, MOVE, v:1, k:es@pilhado, mode:PICK
2026-07-04 21:25:53, EXEC, v:1, k:es@pilhado, mode:FULL, rate:0, size:83
2026-07-04 21:26:19, MOVE, v:1, k:es@pilhado, mode:BACK
2026-07-04 21:28:19, MOVE, v:1, k:es@pilhado, mode:PICK
2026-07-04 21:28:19, EXEC, v:1, k:es@pilhado, mode:FULL, rate:0, size:83
2026-07-04 21:28:43, MOVE, v:1, k:es@pilhado, mode:BACK
2026-07-04 21:31:27, MOVE, v:1, k:es@pilhado, mode:PICK
2026-07-04 21:31:27, EXEC, v:1, k:es@pilhado, mode:FULL, rate:0, size:84
2026-07-04 21:32:18, EXEC, v:1, k:es@pilhado, mode:FULL, rate:0, size:84
2026-07-04 21:32:37, EXEC, v:1, k:es@pilhado, mode:FULL, rate:0, size:83
2026-07-04 21:32:50, MOVE, v:1, k:es@pilhado, mode:BACK
