2026-07-03 21:17:28, MOVE, v:1, k:es@pintura, mode:PICK
2026-07-03 21:20:51, MOVE, v:1, k:es@pintura, mode:EDIT
2026-07-03 21:25:31, MOVE, v:1, k:es@pintura, mode:EDIT
2026-07-03 21:29:17, EXEC, v:1, k:es@pintura, mode:FULL, rate:50, size:70
2026-07-03 21:30:32, EXEC, v:1, k:es@pintura, mode:FULL, rate:100, size:75
2026-07-03 21:30:40, SELF, v:1, k:es@pintura, self:1, rate:100, study:25
2026-07-03 21:30:47, SELF, v:1, k:es@pintura, self:1, rate:100, study:25, concept:1
2026-07-03 21:30:48, MOVE, v:1, k:es@pintura, mode:BACK
2026-07-03 21:30:30, MOVE, v:1, k:es@pintura, mode:EDIT
2026-07-03 21:30:32, MOVE, v:1, k:es@pintura, mode:EDIT
2026-07-03 21:59:46, MOVE, v:1, k:es@queimando, mode:DOWN
2026-07-03 21:59:47, MOVE, v:1, k:es@pilhado, mode:DOWN
2026-07-03 21:59:48, MOVE, v:1, k:es@balanceada, mode:DOWN
2026-07-03 21:59:46, MOVE, v:1, k:es@queimando, mode:EDIT
2026-07-03 21:59:46, MOVE, v:1, k:es@queimando, mode:EDIT
2026-07-03 22:01:44, MOVE, v:1, k:es@queimando, mode:EDIT
2026-07-03 21:59:47, MOVE, v:1, k:es@pilhado, mode:EDIT
2026-07-03 21:59:47, MOVE, v:1, k:es@pilhado, mode:EDIT
2026-07-03 21:59:47, MOVE, v:1, k:es@pilhado, mode:EDIT
2026-07-03 21:59:48, MOVE, v:1, k:es@balanceada, mode:EDIT
2026-07-03 22:06:04, MOVE, v:1, k:es@queimando, mode:EDIT
