2026-03-20 11:20:54, MOVE, v:1, k:es@princesa, mode:PICK
2026-03-20 11:20:56, EXEC, v:1, k:es@princesa, mode:FULL, rate:100, size:91
2026-03-20 11:23:04, MOVE, v:1, k:es@princesa, mode:BACK
2026-03-20 11:23:25, MOVE, v:1, k:es@apagando, mode:DOWN
2026-03-20 11:23:33, MOVE, v:1, k:es@apagando, mode:PICK
2026-03-20 11:24:08, MOVE, v:1, k:es@apagando, mode:BACK
2026-03-20 11:24:27, MOVE, v:1, k:es@manipulacao, mode:DOWN
2026-03-20 11:24:36, MOVE, v:1, k:es@manipulacao, mode:PICK
2026-03-20 11:24:39, MOVE, v:1, k:es@manipulacao, mode:BACK
2026-03-20 11:31:34, MOVE, v:1, k:es@apagando, mode:PICK
2026-03-20 12:21:52, EXEC, v:1, k:es@apagando, mode:FULL, rate:0, size:25
2026-03-20 12:23:27, EXEC, v:1, k:es@apagando, mode:FULL, rate:0, size:22
2026-03-20 12:24:02, EXEC, v:1, k:es@apagando, mode:FULL, rate:100, size:22
2026-03-20 12:33:53, MOVE, v:1, k:es@manipulacao, mode:PICK
2026-03-20 12:33:55, EXEC, v:1, k:es@manipulacao, mode:FULL, rate:0, size:93
2026-03-20 13:16:37, MOVE, v:1, k:es@manipulacao, mode:BACK
2026-03-20 13:17:32, MOVE, v:1, k:es@buscas, mode:DOWN
2026-03-20 13:17:39, MOVE, v:1, k:es@buscas, mode:PICK
2026-03-20 13:18:12, MOVE, v:1, k:es@buscas, mode:BACK
2026-03-20 13:46:29, MOVE, v:1, k:es@buscas, mode:PICK
2026-03-20 13:53:52, EXEC, v:1, k:es@buscas, mode:FULL, rate:0, size:32
2026-03-20 13:56:47, EXEC, v:1, k:es@buscas, mode:FULL, rate:0
2026-03-20 13:57:33, EXEC, v:1, k:es@buscas, mode:FULL, rate:0, size:31
2026-03-20 13:58:24, MOVE, v:1, k:es@buscas, mode:PICK
2026-03-20 13:58:26, EXEC, v:1, k:es@buscas, mode:FULL, rate:0
2026-03-20 15:09:48, MOVE, v:1, k:es@buscas, mode:PICK
2026-03-20 15:16:01, EXEC, v:1, k:es@buscas, mode:FULL, rate:0, size:38
2026-03-20 15:16:27, EXEC, v:1, k:es@buscas, mode:FULL, rate:0
2026-03-20 15:17:21, EXEC, v:1, k:es@buscas, mode:FULL, rate:0
2026-03-20 15:19:12, EXEC, v:1, k:es@buscas, mode:FULL, rate:0
2026-03-20 15:21:10, MOVE, v:1, k:es@buscas, mode:PICK
2026-03-20 15:21:12, EXEC, v:1, k:es@buscas, mode:FULL, rate:100, size:39
2026-03-20 15:21:23, EXEC, v:1, k:es@buscas, mode:FULL, rate:100
2026-03-20 15:21:31, MOVE, v:1, k:es@buscas, mode:BACK
2026-03-20 15:21:38, MOVE, v:1, k:es@apagando, mode:PICK
2026-03-20 15:21:44, EXEC, v:1, k:es@apagando, mode:FULL, rate:100
2026-03-20 15:21:48, EXEC, v:1, k:es@apagando, mode:FULL, rate:100
2026-03-20 15:21:50, MOVE, v:1, k:es@apagando, mode:BACK
2026-03-20 15:22:03, MOVE, v:1, k:es@rotacoes, mode:DOWN
2026-03-20 15:43:06, MOVE, v:1, k:es@rotacoes, mode:PICK
2026-03-20 15:43:07, EXEC, v:1, k:es@rotacoes, mode:FULL, rate:0, size:33
2026-03-20 15:45:00, EXEC, v:1, k:es@rotacoes, mode:FULL, rate:0
2026-03-20 15:45:06, EXEC, v:1, k:es@rotacoes, mode:FULL, rate:0, size:33
2026-03-20 15:45:31, EXEC, v:1, k:es@rotacoes, mode:FULL, rate:100, size:33
2026-03-20 15:46:42, MOVE, v:1, k:es@rotacoes, mode:BACK
2026-03-20 15:47:50, MOVE, v:1, k:es@alternando, mode:DOWN
2026-03-20 15:47:53, MOVE, v:1, k:es@alternando, mode:PICK
2026-03-20 15:48:08, MOVE, v:1, k:es@alternando, mode:BACK
2026-03-20 15:48:10, MOVE, v:1, k:es@alternando, mode:PICK
2026-03-20 20:27:51, MOVE, v:1, k:es@alternando, mode:PICK
2026-03-20 20:55:21, EXEC, v:1, k:es@alternando, mode:FULL, rate:0, size:167
2026-03-20 20:57:22, EXEC, v:1, k:es@alternando, mode:FULL, rate:0, size:167
2026-03-20 20:59:32, EXEC, v:1, k:es@alternando, mode:FULL, rate:0, size:174
2026-03-20 21:01:48, EXEC, v:1, k:es@alternando, mode:FULL, rate:0, size:174
2026-03-20 21:04:39, EXEC, v:1, k:es@alternando, mode:FULL, rate:0, size:174
2026-03-20 21:05:21, EXEC, v:1, k:es@alternando, mode:FULL, rate:0, size:174
2026-03-20 21:06:07, EXEC, v:1, k:es@alternando, mode:FULL, rate:0, size:174
