2026-05-18 18:39:17, MOVE, v:1, k:es@labirinto, mode:PICK
2026-05-18 18:40:00, EXEC, v:1, k:es@labirinto, mode:FULL, rate:0, size:90
2026-05-18 18:40:50, MOVE, v:1, k:es@labirinto, mode:BACK
2026-05-18 18:40:00, MOVE, v:1, k:es@labirinto, mode:EDIT
2026-05-18 18:44:07, MOVE, v:1, k:es@princesa, mode:DOWN
2026-05-18 18:44:32, MOVE, v:1, k:es@princesa, mode:PICK
2026-05-18 18:44:35, EXEC, v:1, k:es@princesa, mode:FULL, rate:100
2026-05-18 18:44:37, MOVE, v:1, k:es@princesa, mode:BACK
2026-05-18 18:45:37, MOVE, v:1, k:es@enesimo, mode:DOWN
2026-05-18 18:44:07, MOVE, v:1, k:es@princesa, mode:EDIT
2026-05-18 18:44:07, MOVE, v:1, k:es@princesa, mode:EDIT
2026-05-18 18:44:07, MOVE, v:1, k:es@princesa, mode:EDIT
2026-05-18 18:44:34, MOVE, v:1, k:es@princesa, mode:EDIT
2026-05-18 18:45:37, MOVE, v:1, k:es@enesimo, mode:EDIT
2026-05-18 18:51:00, MOVE, v:1, k:es@enesimo, mode:EDIT
2026-05-18 18:55:55, MOVE, v:1, k:es@enesimo, mode:EDIT
2026-05-18 18:58:46, MOVE, v:1, k:es@enesimo, mode:PICK
2026-05-18 18:58:48, EXEC, v:1, k:es@enesimo, mode:FULL, rate:0, size:16
2026-05-18 18:59:53, EXEC, v:1, k:es@enesimo, mode:FULL, size:17, fail:COMP
2026-05-18 19:00:34, EXEC, v:1, k:es@enesimo, mode:FULL, rate:0, size:18
2026-05-18 19:00:46, MOVE, v:1, k:es@enesimo, mode:EDIT
2026-05-18 19:00:31, MOVE, v:1, k:es@enesimo, mode:EDIT
2026-05-18 19:05:35, MOVE, v:1, k:es@enesimo, mode:EDIT
2026-05-18 19:11:00, MOVE, v:1, k:es@enesimo, mode:EDIT
2026-05-18 19:11:37, EXEC, v:1, k:es@enesimo, mode:FULL, rate:12, size:25
2026-05-18 19:13:48, MOVE, v:1, k:es@enesimo, mode:BACK
2026-05-18 19:15:43, MOVE, v:1, k:es@enesimo, mode:EDIT
2026-05-18 19:11:37, MOVE, v:1, k:es@enesimo, mode:EDIT
2026-05-18 19:20:13, MOVE, v:1, k:es@enesimo, mode:EDIT
2026-05-18 19:25:31, MOVE, v:1, k:es@enesimo, mode:EDIT
2026-05-18 19:30:00, MOVE, v:1, k:es@enesimo, mode:EDIT
2026-05-18 19:55:59, MOVE, v:1, k:es@enesimo, mode:EDIT
2026-05-18 20:00:07, MOVE, v:1, k:es@enesimo, mode:EDIT
