2026-06-06 12:07:04, MOVE, v:1, k:es@editorint, mode:PICK
2026-06-06 12:07:55, EXEC, v:1, k:es@editorint, mode:LOCK, rate:0
2026-06-06 12:07:55, MOVE, v:1, k:es@editorint, mode:BACK
2026-06-06 12:09:23, MOVE, v:1, k:es@editorint, mode:PICK
2026-06-06 12:09:30, EXEC, v:1, k:es@editorint, mode:LOCK, rate:0, size:296
2026-06-06 12:09:32, MOVE, v:1, k:es@editorint, mode:BACK
2026-06-06 12:10:22, MOVE, v:1, k:es@editorint, mode:PICK
2026-06-06 12:12:00, EXEC, v:1, k:es@editorint, mode:LOCK, rate:100, size:293
2026-06-06 12:13:18, EXEC, v:1, k:es@editorint, mode:LOCK, rate:100
2026-06-06 12:13:33, EXEC, v:1, k:es@editorint, mode:LOCK, rate:100
2026-06-06 12:13:33, MOVE, v:1, k:es@editorint, mode:BACK
2026-06-06 12:13:38, MOVE, v:1, k:es@editorint, mode:PICK
2026-06-06 12:14:13, MOVE, v:1, k:es@editorint, mode:BACK
2026-06-06 12:14:18, MOVE, v:1, k:es@editorint, mode:PICK
2026-06-06 12:15:17, EXEC, v:1, k:es@editorint, mode:LOCK, rate:100, size:289
2026-06-06 12:17:11, EXEC, v:1, k:es@editorint, mode:LOCK, rate:100, size:288
2026-06-06 12:18:13, MOVE, v:1, k:es@editorint, mode:PICK
2026-06-06 12:18:23, EXEC, v:1, k:es@editorint, mode:LOCK, rate:0, size:288
2026-06-06 12:19:25, MOVE, v:1, k:es@editorint, mode:BACK
2026-06-06 12:19:58, MOVE, v:1, k:es@editorint, mode:PICK
2026-06-06 12:21:40, MOVE, v:1, k:es@editorint, mode:PICK
2026-06-06 12:21:46, EXEC, v:1, k:es@editorint, mode:LOCK, rate:0, size:287
2026-06-06 12:21:52, MOVE, v:1, k:es@editorint, mode:BACK
2026-06-06 12:27:38, MOVE, v:1, k:es@editorint, mode:PICK
2026-06-06 12:27:48, EXEC, v:1, k:es@editorint, mode:LOCK, rate:0, size:292
2026-06-06 12:28:31, MOVE, v:1, k:es@editorint, mode:PICK
2026-06-06 12:41:42, MOVE, v:1, k:es@editorint, mode:PICK
2026-06-06 12:43:22, MOVE, v:1, k:es@editorint, mode:PICK
2026-06-06 12:43:31, EXEC, v:1, k:es@editorint, mode:LOCK, rate:0, size:288
2026-06-06 12:44:49, MOVE, v:1, k:es@editorint, mode:PICK
2026-06-06 12:47:24, MOVE, v:1, k:es@editorint, mode:PICK
2026-06-06 12:51:29, EXEC, v:1, k:es@editorint, mode:LOCK, rate:100, size:294
2026-06-06 12:53:58, MOVE, v:1, k:es@editorint, mode:PICK
2026-06-06 12:56:00, MOVE, v:1, k:es@editorint, mode:PICK
2026-06-06 12:56:53, MOVE, v:1, k:es@editorint, mode:PICK
2026-06-06 12:56:56, EXEC, v:1, k:es@editorint, mode:LOCK, rate:0, size:292
2026-06-06 12:59:18, MOVE, v:1, k:es@editorint, mode:PICK
2026-06-06 12:59:24, EXEC, v:1, k:es@editorint, mode:LOCK, rate:0, size:294
2026-06-06 13:00:40, MOVE, v:1, k:es@editorint, mode:PICK
2026-06-06 13:00:44, EXEC, v:1, k:es@editorint, mode:LOCK, rate:0, size:294
2026-06-06 13:02:33, MOVE, v:1, k:es@editorint, mode:PICK
2026-06-06 13:03:17, EXEC, v:1, k:es@editorint, mode:LOCK, rate:100, size:286
2026-06-06 13:04:46, MOVE, v:1, k:es@editorint, mode:PICK
2026-06-06 13:06:36, MOVE, v:1, k:es@editorint, mode:PICK
2026-06-06 13:07:27, EXEC, v:1, k:es@editorint, mode:LOCK, rate:100, size:290
2026-06-06 13:11:11, EXEC, v:1, k:es@editorint, mode:LOCK, rate:100, size:294
2026-06-06 13:12:58, EXEC, v:1, k:es@editorint, mode:LOCK, rate:100, size:296
2026-06-06 13:13:39, MOVE, v:1, k:es@editorint, mode:PICK
2026-06-06 13:15:37, MOVE, v:1, k:es@editorint, mode:PICK
2026-06-06 13:16:31, MOVE, v:1, k:es@editorint, mode:PICK
2026-06-06 13:16:38, EXEC, v:1, k:es@editorint, mode:LOCK, rate:0, size:296
2026-06-06 13:17:31, MOVE, v:1, k:es@editorint, mode:PICK
2026-06-06 13:23:09, MOVE, v:1, k:es@prin_list1, mode:PICK
2026-06-06 13:23:11, MOVE, v:1, k:es@prin_list1, mode:BACK
2026-06-06 13:23:14, MOVE, v:1, k:es@editorint, mode:PICK
2026-06-06 13:26:42, MOVE, v:1, k:es@editorint, mode:PICK
2026-06-06 13:28:45, MOVE, v:1, k:es@editorint, mode:PICK
2026-06-06 13:29:38, EXEC, v:1, k:es@editorint, mode:LOCK, rate:100, size:294
2026-06-06 13:30:37, MOVE, v:1, k:es@editorint, mode:PICK
2026-06-06 13:30:44, EXEC, v:1, k:es@editorint, mode:LOCK, rate:0, size:294
2026-06-06 13:31:15, MOVE, v:1, k:es@editorint, mode:PICK
2026-06-06 13:32:06, MOVE, v:1, k:es@editorint, mode:PICK
2026-06-06 13:32:13, EXEC, v:1, k:es@editorint, mode:LOCK, rate:0
2026-06-06 13:33:05, MOVE, v:1, k:es@editorint, mode:PICK
2026-06-06 13:33:41, MOVE, v:1, k:es@editorint, mode:PICK
2026-06-06 13:34:28, EXEC, v:1, k:es@editorint, mode:LOCK, rate:100, size:292
2026-06-06 13:35:45, EXEC, v:1, k:es@editorint, mode:LOCK, rate:100
2026-06-06 13:40:07, EXEC, v:1, k:es@editorint, mode:LOCK, rate:100, size:294
2026-06-06 13:42:45, MOVE, v:1, k:es@editorint, mode:PICK
2026-06-06 13:42:46, MOVE, v:1, k:es@editorint, mode:BACK
2026-06-06 13:43:22, MOVE, v:1, k:es@editorint, mode:PICK
2026-06-06 13:45:23, EXEC, v:1, k:es@editorint, mode:LOCK, rate:100
2026-06-06 13:45:25, MOVE, v:1, k:es@editorint, mode:BACK
2026-06-06 13:49:50, MOVE, v:1, k:es@editorint, mode:PICK
2026-06-06 13:49:59, EXEC, v:1, k:es@editorint, mode:LOCK, rate:0, size:295
2026-06-06 13:50:26, MOVE, v:1, k:es@editorint, mode:PICK
2026-06-06 13:50:40, EXEC, v:1, k:es@editorint, mode:LOCK, rate:0
2026-06-06 13:52:21, MOVE, v:1, k:es@editorint, mode:PICK
2026-06-06 13:52:39, EXEC, v:1, k:es@editorint, mode:LOCK, rate:100, size:296
2026-06-06 14:03:42, MOVE, v:1, k:es@editorint, mode:PICK
2026-06-06 14:05:20, MOVE, v:1, k:es@editorint, mode:PICK
2026-06-06 14:09:08, MOVE, v:1, k:es@editorint, mode:PICK
2026-06-06 14:10:06, EXEC, v:1, k:es@editorint, mode:LOCK, rate:100, size:296
2026-06-06 14:10:31, EXEC, v:1, k:es@editorint, mode:LOCK, rate:100, size:296
2026-06-06 14:11:00, MOVE, v:1, k:es@editorint, mode:PICK
2026-06-06 14:12:03, MOVE, v:1, k:es@editorint, mode:PICK
2026-06-06 14:13:30, EXEC, v:1, k:es@editorint, mode:LOCK, rate:100, size:292
2026-06-06 14:14:31, EXEC, v:1, k:es@editorint, mode:LOCK, rate:100, size:292
2026-06-06 14:15:06, EXEC, v:1, k:es@editorint, mode:LOCK, rate:100, size:292
2026-06-06 14:15:15, EXEC, v:1, k:es@editorint, mode:LOCK, rate:0
2026-06-06 14:15:33, MOVE, v:1, k:es@editorint, mode:PICK
2026-06-06 14:17:23, EXEC, v:1, k:es@editorint, mode:LOCK, rate:100, size:292
2026-06-06 14:17:33, EXEC, v:1, k:es@editorint, mode:LOCK, rate:0
2026-06-06 14:17:51, MOVE, v:1, k:es@editorint, mode:PICK
2026-06-06 14:27:13, MOVE, v:1, k:es@editorint, mode:PICK
2026-06-06 14:27:51, MOVE, v:1, k:es@editorint, mode:PICK
2026-06-06 14:28:03, EXEC, v:1, k:es@editorint, mode:LOCK, rate:0, size:291
2026-06-06 14:35:51, EXEC, v:1, k:es@editorint, mode:FREE
2026-06-06 14:36:29, MOVE, v:1, k:es@editorint, mode:PICK
2026-06-06 14:36:59, EXEC, v:1, k:es@editorint, mode:LOCK, rate:100, size:292
2026-06-06 14:39:11, MOVE, v:1, k:es@lista_d4, mode:PICK
2026-06-06 14:39:13, EXEC, v:1, k:es@lista_d4, mode:FULL, rate:100
2026-06-06 14:39:18, MOVE, v:1, k:es@lista_d4, mode:BACK
2026-06-06 14:39:21, MOVE, v:1, k:es@editorint, mode:PICK
2026-06-06 14:39:41, EXEC, v:1, k:es@editorint, mode:LOCK, rate:0, size:292
2026-06-06 16:36:14, MOVE, v:1, k:es@editorint, mode:PICK
2026-06-06 16:36:57, EXEC, v:1, k:es@editorint, mode:LOCK, rate:0, size:306
2026-06-06 16:36:58, MOVE, v:1, k:es@editorint, mode:BACK
2026-06-06 16:37:22, MOVE, v:1, k:es@editor, mode:PICK
2026-06-06 16:37:24, EXEC, v:1, k:es@editor, mode:FULL, size:43, fail:COMP
2026-06-06 16:37:27, MOVE, v:1, k:es@editor, mode:BACK
2026-06-06 16:37:29, MOVE, v:1, k:es@editorint, mode:PICK
2026-06-06 16:37:59, EXEC, v:1, k:es@editorint, mode:LOCK, rate:100, size:306
2026-06-06 16:38:14, EXEC, v:1, k:es@editorint, mode:LOCK, rate:100
2026-06-06 16:41:21, EXEC, v:1, k:es@editorint, mode:LOCK, rate:0, size:321
2026-06-06 16:41:22, MOVE, v:1, k:es@editorint, mode:BACK
2026-06-06 16:43:52, MOVE, v:1, k:es@editorint, mode:PICK
2026-06-06 16:46:30, EXEC, v:1, k:es@editorint, mode:LOCK, rate:100, size:328
2026-06-06 16:46:57, EXEC, v:1, k:es@editorint, mode:LOCK, rate:100
2026-06-06 16:46:58, MOVE, v:1, k:es@editorint, mode:BACK
2026-06-06 16:47:07, MOVE, v:1, k:es@editorint, mode:PICK
2026-06-06 16:47:31, SELF, v:1, k:es@editorint, self:1, rate:100, study:360
2026-06-06 16:47:33, MOVE, v:1, k:es@editorint, mode:BACK
2026-06-06 16:48:02, SELF, v:1, k:es@editorint, self:1, rate:100, study:360
2026-06-06 16:48:37, MOVE, v:1, k:es@lista_d4, mode:PICK
2026-06-06 16:48:38, EXEC, v:1, k:es@lista_d4, mode:FULL, rate:100
2026-06-06 16:48:40, MOVE, v:1, k:es@lista_d4, mode:BACK
2026-06-06 18:16:02, MOVE, v:1, k:es@bufferring, mode:DOWN
2026-06-06 18:16:08, MOVE, v:1, k:es@fila_enc, mode:DOWN
2026-06-06 18:16:11, MOVE, v:1, k:es@pilha, mode:DOWN
2026-06-06 18:40:21, MOVE, v:1, k:es@bufferring, mode:PICK
2026-06-06 18:40:23, EXEC, v:1, k:es@bufferring, mode:FULL, rate:0, size:114
2026-06-06 18:40:44, MOVE, v:1, k:es@bufferring, mode:BACK
2026-06-06 18:46:30, MOVE, v:1, k:es@bufferring, mode:PICK
2026-06-06 18:46:32, EXEC, v:1, k:es@bufferring, mode:FULL, rate:0, size:122
2026-06-06 18:47:44, MOVE, v:1, k:es@bufferring, mode:BACK
2026-06-06 18:47:48, MOVE, v:1, k:es@bufferring, mode:PICK
2026-06-06 18:47:50, EXEC, v:1, k:es@bufferring, mode:FULL, rate:0, size:123
2026-06-06 18:48:40, MOVE, v:1, k:es@bufferring, mode:BACK
2026-06-06 18:48:41, MOVE, v:1, k:es@bufferring, mode:PICK
2026-06-06 18:48:44, EXEC, v:1, k:es@bufferring, mode:FULL, rate:16, size:125
2026-06-06 18:49:09, MOVE, v:1, k:es@bufferring, mode:BACK
2026-06-06 18:49:10, MOVE, v:1, k:es@bufferring, mode:PICK
2026-06-06 18:49:11, EXEC, v:1, k:es@bufferring, mode:FULL, rate:16
2026-06-06 18:50:19, EXEC, v:1, k:es@bufferring, mode:FULL, rate:16, size:124
2026-06-06 18:50:33, EXEC, v:1, k:es@bufferring, mode:FULL, rate:0, size:123
2026-06-06 19:18:26, EXEC, v:1, k:es@bufferring, mode:FULL, rate:0, size:137
2026-06-06 19:18:46, EXEC, v:1, k:es@bufferring, mode:FULL, rate:16, size:137
2026-06-06 19:19:10, EXEC, v:1, k:es@bufferring, mode:FULL, rate:0, size:137
2026-06-06 19:22:16, EXEC, v:1, k:es@bufferring, mode:FULL, rate:16, size:137
2026-06-06 19:23:07, MOVE, v:1, k:es@bufferring, mode:BACK
2026-06-06 22:45:30, MOVE, v:1, k:es@bufferring, mode:PICK
2026-06-06 22:45:32, EXEC, v:1, k:es@bufferring, mode:FULL, rate:16, size:142
2026-06-06 22:47:46, EXEC, v:1, k:es@bufferring, mode:FULL, rate:16, size:147
2026-06-06 22:51:25, MOVE, v:1, k:es@bufferring, mode:BACK
2026-06-06 22:51:30, MOVE, v:1, k:es@bufferring, mode:PICK
2026-06-06 22:51:31, EXEC, v:1, k:es@bufferring, mode:FULL, rate:16, size:149
2026-06-06 22:52:37, EXEC, v:1, k:es@bufferring, mode:FULL, rate:16, size:150
2026-06-06 22:52:45, MOVE, v:1, k:es@bufferring, mode:BACK
2026-06-06 22:52:47, MOVE, v:1, k:es@bufferring, mode:PICK
2026-06-06 22:52:52, EXEC, v:1, k:es@bufferring, mode:FULL, rate:16
2026-06-06 22:53:29, EXEC, v:1, k:es@bufferring, mode:FULL, rate:16, size:149
2026-06-06 22:56:42, EXEC, v:1, k:es@bufferring, mode:FULL, rate:16, size:155
2026-06-06 23:10:43, MOVE, v:1, k:es@bufferring, mode:BACK
2026-06-06 23:10:47, MOVE, v:1, k:es@bufferring, mode:PICK
2026-06-06 23:10:52, EXEC, v:1, k:es@bufferring, mode:FULL, rate:0, size:167
2026-06-06 23:15:14, MOVE, v:1, k:es@bufferring, mode:BACK
2026-06-06 23:15:19, MOVE, v:1, k:es@bufferring, mode:PICK
2026-06-06 23:15:21, EXEC, v:1, k:es@bufferring, mode:FULL, rate:0, size:173
2026-06-06 23:15:55, EXEC, v:1, k:es@bufferring, mode:FULL, rate:0, size:173
2026-06-06 23:15:57, MOVE, v:1, k:es@bufferring, mode:BACK
2026-06-06 23:15:58, MOVE, v:1, k:es@bufferring, mode:PICK
2026-06-06 23:16:16, EXEC, v:1, k:es@bufferring, mode:FULL, rate:0, size:172
2026-06-06 23:17:43, EXEC, v:1, k:es@bufferring, mode:FULL, rate:0, size:173
2026-06-06 23:17:51, EXEC, v:1, k:es@bufferring, mode:FULL, rate:0
2026-06-06 23:26:08, EXEC, v:1, k:es@bufferring, mode:FULL, rate:0, size:174
2026-06-06 23:27:50, MOVE, v:1, k:es@bufferring, mode:BACK
2026-06-06 23:27:52, MOVE, v:1, k:es@bufferring, mode:PICK
2026-06-06 23:27:56, EXEC, v:1, k:es@bufferring, mode:FULL, rate:0
2026-06-06 23:28:34, EXEC, v:1, k:es@bufferring, mode:FULL, rate:0
2026-06-06 23:30:17, EXEC, v:1, k:es@bufferring, mode:FULL, rate:0, size:175
2026-06-06 23:32:41, EXEC, v:1, k:es@bufferring, mode:FULL, rate:0, size:173
2026-06-06 23:35:04, EXEC, v:1, k:es@bufferring, mode:FULL, rate:16, size:173
2026-06-06 23:38:23, EXEC, v:1, k:es@bufferring, mode:FULL, rate:16, size:173
2026-06-06 23:40:31, EXEC, v:1, k:es@bufferring, mode:FULL, rate:16, size:168
2026-06-06 23:40:31, MOVE, v:1, k:es@bufferring, mode:BACK
2026-06-06 23:40:42, MOVE, v:1, k:es@bufferring, mode:PICK
2026-06-06 23:40:43, EXEC, v:1, k:es@bufferring, mode:FULL, rate:16
2026-06-06 23:41:05, EXEC, v:1, k:es@bufferring, mode:FULL, rate:16, size:168
2026-06-06 23:41:33, EXEC, v:1, k:es@bufferring, mode:FULL, rate:16, size:168
2026-06-06 23:41:45, MOVE, v:1, k:es@bufferring, mode:BACK
2026-06-06 23:41:46, MOVE, v:1, k:es@bufferring, mode:PICK
2026-06-06 23:41:47, EXEC, v:1, k:es@bufferring, mode:FULL, rate:16
2026-06-06 23:43:20, EXEC, v:1, k:es@bufferring, mode:FULL, rate:16, size:168
2026-06-06 23:43:21, MOVE, v:1, k:es@bufferring, mode:BACK
2026-06-06 23:43:22, MOVE, v:1, k:es@bufferring, mode:PICK
2026-06-06 23:43:25, EXEC, v:1, k:es@bufferring, mode:FULL, rate:16
2026-06-06 23:44:25, EXEC, v:1, k:es@bufferring, mode:FULL, rate:16, size:168
2026-06-06 23:44:46, EXEC, v:1, k:es@bufferring, mode:FULL, rate:16, size:168
2026-06-06 23:45:21, EXEC, v:1, k:es@bufferring, mode:FULL, rate:16, size:168
2026-06-06 23:50:03, EXEC, v:1, k:es@bufferring, mode:FULL, rate:16, size:169
2026-06-06 23:50:40, EXEC, v:1, k:es@bufferring, mode:FULL, rate:16, size:169
2026-06-06 23:50:56, EXEC, v:1, k:es@bufferring, mode:FULL, rate:16, size:169
2026-06-06 23:52:14, EXEC, v:1, k:es@bufferring, mode:FULL, rate:16, size:168
2026-06-06 23:53:12, EXEC, v:1, k:es@bufferring, mode:FULL, rate:16, size:169
2026-06-06 23:53:29, EXEC, v:1, k:es@bufferring, mode:FULL, rate:16, size:169
2026-06-06 23:53:44, EXEC, v:1, k:es@bufferring, mode:FULL, rate:16, size:169
2026-06-06 23:54:05, EXEC, v:1, k:es@bufferring, mode:FULL, rate:16, size:168
2026-06-06 23:55:03, EXEC, v:1, k:es@bufferring, mode:FULL, rate:16, size:168
2026-06-06 23:55:26, EXEC, v:1, k:es@bufferring, mode:FULL, rate:16, size:169
2026-06-06 23:56:02, EXEC, v:1, k:es@bufferring, mode:FULL, rate:16, size:169
2026-06-06 23:56:49, EXEC, v:1, k:es@bufferring, mode:FULL, rate:16, size:168
2026-06-06 23:57:35, EXEC, v:1, k:es@bufferring, mode:FULL, rate:16, size:169
2026-06-06 23:58:15, EXEC, v:1, k:es@bufferring, mode:FULL, rate:16, size:169
2026-06-06 23:58:18, EXEC, v:1, k:es@bufferring, mode:FREE
2026-06-06 23:58:55, MOVE, v:1, k:es@bufferring, mode:PICK
2026-06-06 23:58:57, EXEC, v:1, k:es@bufferring, mode:FULL, rate:16
2026-06-06 23:59:21, EXEC, v:1, k:es@bufferring, mode:FULL, rate:16, size:169
