2026-03-15 01:23:24, MOVE, v:1, k:es@baruel, mode:PICK
2026-03-15 01:23:32, EXEC, v:1, k:es@baruel, mode:FULL, rate:0
2026-03-15 01:34:51, EXEC, v:1, k:es@baruel, mode:FULL, size:53, fail:COMP
2026-03-15 01:36:33, EXEC, v:1, k:es@baruel, mode:FULL, size:58, fail:COMP
2026-03-15 01:39:39, EXEC, v:1, k:es@baruel, mode:FULL, rate:0, size:58
2026-03-15 01:40:33, EXEC, v:1, k:es@baruel, mode:FULL, rate:25, size:59
2026-03-15 01:41:06, EXEC, v:1, k:es@baruel, mode:FULL, rate:25, size:59
2026-03-15 01:41:34, EXEC, v:1, k:es@baruel, mode:FULL, rate:25, size:59
2026-03-15 01:41:55, EXEC, v:1, k:es@baruel, mode:FULL, rate:25, size:59
2026-03-15 01:42:10, EXEC, v:1, k:es@baruel, mode:FULL, rate:25
2026-03-15 01:42:16, MOVE, v:1, k:es@baruel, mode:BACK
2026-03-15 01:42:16, MOVE, v:1, k:es@baruel, mode:PICK
2026-03-15 01:42:18, MOVE, v:1, k:es@baruel, mode:BACK
2026-03-15 01:42:20, MOVE, v:1, k:es@baruel, mode:PICK
2026-03-15 01:42:23, EXEC, v:1, k:es@baruel, mode:FULL, rate:25
2026-03-15 01:42:58, EXEC, v:1, k:es@baruel, mode:FULL, rate:25, size:59
2026-03-15 01:43:22, EXEC, v:1, k:es@baruel, mode:FULL, rate:25, size:59
2026-03-15 01:45:01, EXEC, v:1, k:es@baruel, mode:FULL, rate:75, size:59
2026-03-15 01:45:45, EXEC, v:1, k:es@baruel, mode:FULL, rate:25, size:59
2026-03-15 01:46:03, EXEC, v:1, k:es@baruel, mode:FULL, rate:25, size:59
2026-03-15 02:04:11, EXEC, v:1, k:es@baruel, mode:FULL, rate:100, size:59
2026-03-15 02:04:26, MOVE, v:1, k:es@baruel, mode:BACK
2026-03-15 02:10:03, MOVE, v:1, k:es@baruel, mode:PICK
2026-03-15 02:14:04, EXEC, v:1, k:es@baruel, mode:FULL, rate:100
2026-03-15 12:14:28, MOVE, v:1, k:es@gomos, mode:DOWN
2026-03-15 12:14:55, MOVE, v:1, k:es@gomos, mode:PICK
