2026-03-13 21:51:12, MOVE, v:1, k:es@pedra, mode:PICK
2026-03-13 21:53:34, EXEC, v:1, k:es@pedra, mode:FULL, rate:25, size:53
2026-03-13 21:53:58, EXEC, v:1, k:es@pedra, mode:FULL, rate:58, size:53
2026-03-13 21:54:54, EXEC, v:1, k:es@pedra, mode:FULL, rate:33, size:48
2026-03-13 21:55:17, MOVE, v:1, k:es@pedra, mode:PICK
2026-03-13 21:55:20, EXEC, v:1, k:es@pedra, mode:FULL, rate:58, size:53
2026-03-13 21:57:46, MOVE, v:1, k:es@pedra, mode:BACK
2026-03-13 21:59:56, MOVE, v:1, k:es@pedra, mode:PICK
2026-03-13 22:00:01, EXEC, v:1, k:es@pedra, mode:FULL, rate:58
2026-03-13 22:04:16, EXEC, v:1, k:es@pedra, mode:FULL, rate:0, size:31
2026-03-13 22:04:44, EXEC, v:1, k:es@pedra, mode:FULL, rate:8, size:31
2026-03-13 22:12:09, EXEC, v:1, k:es@pedra, mode:FULL, rate:8, size:34
2026-03-13 22:16:04, EXEC, v:1, k:es@pedra, mode:FULL, rate:0, size:43
2026-03-13 22:22:00, EXEC, v:1, k:es@pedra, mode:FULL, rate:25, size:42
2026-03-13 22:22:42, EXEC, v:1, k:es@pedra, mode:FULL, rate:91, size:42
2026-03-13 22:25:31, MOVE, v:1, k:es@pedra, mode:BACK
2026-03-13 22:25:34, MOVE, v:1, k:es@casais, mode:DOWN
2026-03-13 22:25:41, MOVE, v:1, k:es@casais, mode:PICK
2026-03-13 22:49:18, EXEC, v:1, k:es@casais, mode:FULL, rate:0, size:28
2026-03-13 22:51:02, MOVE, v:1, k:es@casais, mode:PICK
2026-03-13 22:52:46, MOVE, v:1, k:es@casais, mode:PICK
2026-03-13 22:52:49, EXEC, v:1, k:es@casais, mode:FULL, rate:0, size:28
2026-03-13 23:53:00, MOVE, v:1, k:es@casais, mode:PICK
2026-03-13 23:53:04, EXEC, v:1, k:es@casais, mode:FULL, rate:75, size:32
2026-03-13 23:55:34, MOVE, v:1, k:es@casais, mode:PICK
2026-03-13 23:55:38, EXEC, v:1, k:es@casais, mode:FULL, rate:75
2026-03-13 23:57:55, MOVE, v:1, k:es@casais, mode:PICK
2026-03-13 23:58:38, EXEC, v:1, k:es@casais, mode:FULL, rate:75, size:32
2026-03-13 23:59:03, EXEC, v:1, k:es@casais, mode:FULL, rate:75, size:32
