2026-07-02 08:31:13, MOVE, v:1, k:es@pilha, mode:PICK
2026-07-02 08:31:15, EXEC, v:1, k:es@pilha, mode:FULL, rate:0, size:86
2026-07-02 08:31:27, MOVE, v:1, k:es@pilha, mode:EDIT
2026-07-02 08:31:14, MOVE, v:1, k:es@pilha, mode:EDIT
2026-07-02 08:34:42, EXEC, v:1, k:es@pilha, mode:FULL, rate:0, size:91
2026-07-02 08:35:07, EXEC, v:1, k:es@pilha, mode:FULL, rate:33, size:91
2026-07-02 08:35:05, MOVE, v:1, k:es@pilha, mode:EDIT
2026-07-02 08:35:07, MOVE, v:1, k:es@pilha, mode:EDIT
2026-07-02 08:40:01, MOVE, v:1, k:es@pilha, mode:EDIT
2026-07-02 08:45:45, EXEC, v:1, k:es@pilha, mode:FULL, rate:33, size:114
2026-07-02 08:46:31, MOVE, v:1, k:es@pilha, mode:EDIT
2026-07-02 08:45:45, MOVE, v:1, k:es@pilha, mode:EDIT
2026-07-02 08:49:50, EXEC, v:1, k:es@pilha, mode:FULL, rate:33, size:122
2026-07-02 08:50:27, EXEC, v:1, k:es@pilha, mode:FULL, rate:33, size:122
2026-07-02 08:51:28, MOVE, v:1, k:es@pilha, mode:EDIT
2026-07-02 08:50:27, MOVE, v:1, k:es@pilha, mode:EDIT
2026-07-02 08:52:04, EXEC, v:1, k:es@pilha, mode:FULL, rate:33, size:119
2026-07-02 08:52:33, EXEC, v:1, k:es@pilha, mode:FULL, rate:33, size:123
2026-07-02 08:52:53, EXEC, v:1, k:es@pilha, mode:FULL, rate:66, size:123
2026-07-02 08:53:24, EXEC, v:1, k:es@pilha, mode:FULL, rate:66, size:123
2026-07-02 08:54:37, EXEC, v:1, k:es@pilha, mode:FULL, rate:66
2026-07-02 08:54:49, EXEC, v:1, k:es@pilha, mode:FULL, rate:66, size:123
2026-07-02 08:55:02, EXEC, v:1, k:es@pilha, mode:FULL, rate:66
2026-07-02 08:55:16, EXEC, v:1, k:es@pilha, mode:FULL, rate:66, size:123
2026-07-02 08:55:56, EXEC, v:1, k:es@pilha, mode:FULL, rate:66, size:115
2026-07-02 08:56:09, EXEC, v:1, k:es@pilha, mode:FULL, rate:100, size:115
2026-07-02 08:56:07, MOVE, v:1, k:es@pilha, mode:EDIT
2026-07-02 08:56:09, MOVE, v:1, k:es@pilha, mode:EDIT
2026-07-02 08:56:57, MOVE, v:1, k:es@pilha, mode:BACK
2026-07-02 08:57:11, MOVE, v:1, k:es@pilha, mode:PICK
2026-07-02 08:57:14, EXEC, v:1, k:es@pilha, mode:FULL, rate:100
2026-07-02 08:57:29, SELF, v:1, k:es@pilha, self:1, rate:100, study:45
2026-07-02 08:57:30, EXEC, v:1, k:es@pilha, mode:FULL, rate:100
2026-07-02 08:57:31, MOVE, v:1, k:es@pilha, mode:BACK
2026-07-02 08:57:35, MOVE, v:1, k:es@pilha, mode:PICK
2026-07-02 08:57:35, EXEC, v:1, k:es@pilha, mode:FULL, rate:100
2026-07-02 08:57:36, MOVE, v:1, k:es@pilha, mode:BACK
2026-07-02 09:08:49, MOVE, v:1, k:es@chaves, mode:DOWN
2026-07-02 22:12:55, MOVE, v:1, k:es@padroes1, mode:PICK
2026-07-02 22:14:16, EXEC, v:1, k:es@padroes1, mode:FULL, rate:0, size:5
2026-07-02 22:14:16, MOVE, v:1, k:es@padroes1, mode:EDIT
2026-07-02 22:14:49, MOVE, v:1, k:es@padroes1, mode:EDIT
2026-07-02 22:17:27, EXEC, v:1, k:es@padroes1, mode:FULL, rate:0, size:17
2026-07-02 22:17:29, MOVE, v:1, k:es@padroes1, mode:BACK
2026-07-02 22:17:47, MOVE, v:1, k:es@padroes1, mode:PICK
2026-07-02 22:17:48, EXEC, v:1, k:es@padroes1, mode:FULL, rate:0
2026-07-02 22:18:08, EXEC, v:1, k:es@padroes1, mode:FULL, rate:0, size:17
2026-07-02 22:19:32, EXEC, v:1, k:es@padroes1, mode:FULL, rate:100, size:17
2026-07-02 22:19:43, SELF, v:1, k:es@padroes1, self:1, rate:100, study:12
2026-07-02 22:19:45, EXEC, v:1, k:es@padroes1, mode:FULL, rate:100
2026-07-02 22:19:46, MOVE, v:1, k:es@padroes1, mode:BACK
2026-07-02 22:30:32, MOVE, v:1, k:es@ilhas, mode:EDIT
2026-07-02 22:31:21, MOVE, v:1, k:es@ilhas, mode:PICK
2026-07-02 22:31:21, EXEC, v:1, k:es@ilhas, mode:FULL, rate:0, size:51
2026-07-02 22:32:02, EXEC, v:1, k:es@ilhas, mode:FULL, rate:0, size:58
2026-07-02 22:32:21, EXEC, v:1, k:es@ilhas, mode:FULL, rate:0
2026-07-02 22:33:23, EXEC, v:1, k:es@ilhas, mode:FULL, rate:100, size:57
2026-07-02 22:33:34, SELF, v:1, k:es@ilhas, self:1, rate:100, study:35
2026-07-02 22:33:34, EXEC, v:1, k:es@ilhas, mode:FULL, rate:100
2026-07-02 22:33:37, MOVE, v:1, k:es@ilhas, mode:BACK
