2026-03-12 00:07:51, MOVE, v:1, k:es@pintando, mode:BACK
2026-03-12 00:07:52, MOVE, v:1, k:es@pintando, mode:PICK
2026-03-12 00:07:56, EXEC, v:1, k:es@pintando, mode:FULL, rate:100, size:15
2026-03-12 00:08:04, EXEC, v:1, k:es@pintando, mode:FULL, rate:100
2026-03-12 00:08:22, EXEC, v:1, k:es@pintando, mode:FULL, rate:100
2026-03-12 00:10:20, MOVE, v:1, k:es@pintando, mode:BACK
2026-03-12 00:10:20, MOVE, v:1, k:es@pintando, mode:PICK
2026-03-12 00:10:21, MOVE, v:1, k:es@pintando, mode:BACK
2026-03-12 00:10:31, MOVE, v:1, k:es@mumia, mode:DOWN
2026-03-12 00:10:35, MOVE, v:1, k:es@mumia, mode:PICK
2026-03-12 00:10:39, MOVE, v:1, k:es@mumia, mode:BACK
2026-03-12 00:10:45, MOVE, v:1, k:es@mumia, mode:PICK
2026-03-12 00:22:02, EXEC, v:1, k:es@mumia, mode:FULL, rate:100, size:29
2026-03-12 00:22:24, MOVE, v:1, k:es@mumia, mode:BACK
2026-03-12 00:24:53, MOVE, v:1, k:es@fuga, mode:DOWN
2026-03-12 00:24:55, MOVE, v:1, k:es@fuga, mode:PICK
2026-03-12 00:25:03, EXEC, v:1, k:es@fuga, mode:FULL, rate:0, size:6
2026-03-12 01:19:17, MOVE, v:1, k:es@princesa, mode:PICK
2026-03-12 01:26:36, EXEC, v:1, k:es@princesa, mode:FULL, rate:0, size:75
2026-03-12 01:26:46, EXEC, v:1, k:es@princesa, mode:FULL, rate:0
2026-03-12 01:26:54, EXEC, v:1, k:es@princesa, mode:FREE
2026-03-12 14:27:09, MOVE, v:1, k:es@fuga, mode:PICK
2026-03-12 15:12:23, EXEC, v:1, k:es@fuga, mode:FULL, rate:20, size:47
2026-03-12 15:51:11, MOVE, v:1, k:es@fuga, mode:PICK
2026-03-12 15:51:15, EXEC, v:1, k:es@fuga, mode:FULL, rate:0, size:47
2026-03-12 15:51:52, EXEC, v:1, k:es@fuga, mode:FULL, rate:0
2026-03-12 15:51:55, MOVE, v:1, k:es@fuga, mode:BACK
2026-03-12 15:51:55, MOVE, v:1, k:es@fuga, mode:PICK
2026-03-12 15:52:01, EXEC, v:1, k:es@fuga, mode:FULL, rate:0
2026-03-12 15:53:20, EXEC, v:1, k:es@fuga, mode:FULL, rate:0
2026-03-12 15:54:23, EXEC, v:1, k:es@fuga, mode:FULL, rate:100, size:47
2026-03-12 21:51:28, MOVE, v:1, k:es@fuga, mode:PICK
2026-03-12 21:51:43, EXEC, v:1, k:es@fuga, mode:FULL, rate:100
2026-03-12 21:51:48, EXEC, v:1, k:es@fuga, mode:FREE
2026-03-12 21:52:08, MOVE, v:1, k:es@fuga, mode:BACK
2026-03-12 21:54:37, MOVE, v:1, k:es@pedra, mode:DOWN
2026-03-12 21:54:45, MOVE, v:1, k:es@pedra, mode:PICK
2026-03-12 22:50:33, MOVE, v:1, k:es@pedra, mode:PICK
2026-03-12 23:35:12, EXEC, v:1, k:es@pedra, mode:FULL, rate:16, size:38
2026-03-12 23:37:58, EXEC, v:1, k:es@pedra, mode:FULL, rate:0, size:38
2026-03-12 23:38:57, EXEC, v:1, k:es@pedra, mode:FULL, rate:0
2026-03-12 23:39:09, EXEC, v:1, k:es@pedra, mode:FULL, rate:16, size:38
2026-03-12 23:42:32, EXEC, v:1, k:es@pedra, mode:FULL, rate:25, size:40
2026-03-12 23:42:51, EXEC, v:1, k:es@pedra, mode:FULL, rate:25, size:40
2026-03-12 23:45:48, EXEC, v:1, k:es@pedra, mode:FULL, rate:25, size:40
2026-03-12 23:50:39, EXEC, v:1, k:es@pedra, mode:FULL, rate:0, size:48
2026-03-12 23:51:17, EXEC, v:1, k:es@pedra, mode:FULL, rate:0, size:47
2026-03-12 23:51:58, EXEC, v:1, k:es@pedra, mode:FULL, rate:75, size:47
2026-03-12 23:52:22, EXEC, v:1, k:es@pedra, mode:FULL, rate:75, size:48
2026-03-12 23:53:21, EXEC, v:1, k:es@pedra, mode:FULL, rate:75, size:48
2026-03-12 23:53:37, EXEC, v:1, k:es@pedra, mode:FULL, rate:75, size:48
2026-03-12 23:55:24, EXEC, v:1, k:es@pedra, mode:FULL, rate:50, size:50
